000 (2435060.000.000) 06/28 19:53:47 Job submitted from host: <188.185.70.244:9618?addrs=188.185.70.244-9618+[2001-1458-d00-7--100-2ee]-9618&alias=bigbird10.cern.ch&noUDP&sock=schedd_2037_ca81>
...
000 (2435061.000.000) 06/28 19:55:18 Job submitted from host: <188.185.70.244:9618?addrs=188.185.70.244-9618+[2001-1458-d00-7--100-2ee]-9618&alias=bigbird10.cern.ch&noUDP&sock=schedd_2037_ca81>
...
000 (2435062.000.000) 06/28 19:56:29 Job submitted from host: <188.185.70.244:9618?addrs=188.185.70.244-9618+[2001-1458-d00-7--100-2ee]-9618&alias=bigbird10.cern.ch&noUDP&sock=schedd_2037_ca81>
...
040 (2435060.000.000) 06/28 19:56:29 Entered queue to transfer input files
	Transferring to host: <128.142.83.89:9618?addrs=128.142.83.89-9618+[2001-1458-301-f5--100-4a9]-9618&alias=b7s13n2874.cern.ch&noUDP&sock=slot1_3_5642_0c9f_60001>
...
040 (2435062.000.000) 06/28 19:57:12 Entered queue to transfer input files
	Transferring to host: <188.184.168.28:9618?addrs=188.184.168.28-9618+[2001-1458-301-c0--100-3c1]-9618&alias=b7g52n5593.cern.ch&noUDP&sock=slot1_2_5871_6688_61268>
...
040 (2435061.000.000) 06/28 19:57:27 Entered queue to transfer input files
	Transferring to host: <188.184.169.63:9618?addrs=188.184.169.63-9618+[2001-1458-301-c0--100-169]-9618&alias=b7g52n3559.cern.ch&noUDP&sock=slot1_1_11653_57b3_104416>
...
040 (2435060.000.000) 06/28 20:40:33 Started transferring input files
	Seconds spent in queue: 2644
...
040 (2435060.000.000) 06/28 20:40:46 Finished transferring input files
...
001 (2435060.000.000) 06/28 20:40:47 Job executing on host: <128.142.83.89:9618?addrs=128.142.83.89-9618+[2001-1458-301-f5--100-4a9]-9618&alias=b7s13n2874.cern.ch&noUDP&sock=startd_4620_83a2>
...
006 (2435060.000.000) 06/28 20:40:48 Image size of job updated: 1
	0  -  MemoryUsage of job (MB)
	0  -  ResidentSetSize of job (KB)
...
040 (2435060.000.000) 06/28 20:40:53 Entered queue to transfer output files
...
040 (2435060.000.000) 06/28 20:41:01 Started transferring output files
	Seconds spent in queue: 2672
...
040 (2435060.000.000) 06/28 20:41:01 Finished transferring output files
...
005 (2435060.000.000) 06/28 20:41:01 Job terminated.
	(1) Normal termination (return value 0)
		Usr 0 00:00:00, Sys 0 00:00:00  -  Run Remote Usage
		Usr 0 00:00:00, Sys 0 00:00:00  -  Run Local Usage
		Usr 0 00:00:00, Sys 0 00:00:00  -  Total Remote Usage
		Usr 0 00:00:00, Sys 0 00:00:00  -  Total Local Usage
	4806  -  Run Bytes Sent By Job
	128488856  -  Run Bytes Received By Job
	4806  -  Total Bytes Sent By Job
	128488856  -  Total Bytes Received By Job
	Partitionable Resources :    Usage  Request Allocated 
	   Cpus                 :        0        5         5 
	   Disk (KB)            :   125512   150000    563817 
	   Memory (MB)          :        0    10240     10300 

	Job terminated of its own accord at 2021-06-28T18:40:48Z.
...
040 (2435062.000.000) 06/28 20:42:48 Started transferring input files
	Seconds spent in queue: 2736
...
040 (2435061.000.000) 06/28 20:42:48 Started transferring input files
	Seconds spent in queue: 2721
...
040 (2435062.000.000) 06/28 20:42:50 Finished transferring input files
...
040 (2435061.000.000) 06/28 20:42:50 Finished transferring input files
...
001 (2435062.000.000) 06/28 20:42:51 Job executing on host: <188.184.168.28:9618?addrs=188.184.168.28-9618+[2001-1458-301-c0--100-3c1]-9618&alias=b7g52n5593.cern.ch&noUDP&sock=startd_4606_e94f>
...
001 (2435061.000.000) 06/28 20:42:51 Job executing on host: <188.184.169.63:9618?addrs=188.184.169.63-9618+[2001-1458-301-c0--100-169]-9618&alias=b7g52n3559.cern.ch&noUDP&sock=startd_16321_6d4c>
...
006 (2435062.000.000) 06/28 20:42:51 Image size of job updated: 1
	0  -  MemoryUsage of job (MB)
	0  -  ResidentSetSize of job (KB)
...
006 (2435061.000.000) 06/28 20:42:51 Image size of job updated: 1
	0  -  MemoryUsage of job (MB)
	0  -  ResidentSetSize of job (KB)
...
040 (2435062.000.000) 06/28 20:42:51 Started transferring output files
	Seconds spent in queue: 2739
...
040 (2435061.000.000) 06/28 20:42:51 Started transferring output files
	Seconds spent in queue: 2724
...
040 (2435062.000.000) 06/28 20:42:51 Finished transferring output files
...
040 (2435061.000.000) 06/28 20:42:52 Finished transferring output files
...
005 (2435062.000.000) 06/28 20:42:52 Job terminated.
	(1) Normal termination (return value 0)
		Usr 0 00:00:00, Sys 0 00:00:00  -  Run Remote Usage
		Usr 0 00:00:00, Sys 0 00:00:00  -  Run Local Usage
		Usr 0 00:00:00, Sys 0 00:00:00  -  Total Remote Usage
		Usr 0 00:00:00, Sys 0 00:00:00  -  Total Local Usage
	4806  -  Run Bytes Sent By Job
	128488856  -  Run Bytes Received By Job
	4806  -  Total Bytes Sent By Job
	128488856  -  Total Bytes Received By Job
	Partitionable Resources :    Usage  Request Allocated 
	   Cpus                 :        0        5         5 
	   Disk (KB)            :   125512   150000    577872 
	   Memory (MB)          :        0    10240     10300 

	Job terminated of its own accord at 2021-06-28T18:42:51Z.
...
005 (2435061.000.000) 06/28 20:42:52 Job terminated.
	(1) Normal termination (return value 0)
		Usr 0 00:00:00, Sys 0 00:00:00  -  Run Remote Usage
		Usr 0 00:00:00, Sys 0 00:00:00  -  Run Local Usage
		Usr 0 00:00:00, Sys 0 00:00:00  -  Total Remote Usage
		Usr 0 00:00:00, Sys 0 00:00:00  -  Total Local Usage
	4806  -  Run Bytes Sent By Job
	128488856  -  Run Bytes Received By Job
	4806  -  Total Bytes Sent By Job
	128488856  -  Total Bytes Received By Job
	Partitionable Resources :    Usage  Request Allocated 
	   Cpus                 :        0        5         5 
	   Disk (KB)            :   125512   150000    539710 
	   Memory (MB)          :        0    10240     10300 

	Job terminated of its own accord at 2021-06-28T18:42:51Z.
...
000 (2435486.000.000) 06/29 15:17:55 Job submitted from host: <188.185.70.244:9618?addrs=188.185.70.244-9618+[2001-1458-d00-7--100-2ee]-9618&alias=bigbird10.cern.ch&noUDP&sock=schedd_2037_ca81>
...
040 (2435486.000.000) 06/29 15:19:23 Started transferring input files
	Transferring to host: <188.184.168.9:9618?addrs=188.184.168.9-9618+[2001-1458-301-c0--100-34]-9618&alias=b7g52n1050.cern.ch&noUDP&sock=slot1_8_9474_0a3a_125940>
...
040 (2435486.000.000) 06/29 15:19:32 Finished transferring input files
...
001 (2435486.000.000) 06/29 15:19:33 Job executing on host: <188.184.168.9:9618?addrs=188.184.168.9-9618+[2001-1458-301-c0--100-34]-9618&alias=b7g52n1050.cern.ch&noUDP&sock=startd_15731_bc6c>
...
006 (2435486.000.000) 06/29 15:19:34 Image size of job updated: 1
	0  -  MemoryUsage of job (MB)
	0  -  ResidentSetSize of job (KB)
...
040 (2435486.000.000) 06/29 15:19:34 Started transferring output files
...
040 (2435486.000.000) 06/29 15:19:34 Finished transferring output files
...
005 (2435486.000.000) 06/29 15:19:34 Job terminated.
	(1) Normal termination (return value 0)
		Usr 0 00:00:00, Sys 0 00:00:00  -  Run Remote Usage
		Usr 0 00:00:00, Sys 0 00:00:00  -  Run Local Usage
		Usr 0 00:00:00, Sys 0 00:00:00  -  Total Remote Usage
		Usr 0 00:00:00, Sys 0 00:00:00  -  Total Local Usage
	5262  -  Run Bytes Sent By Job
	128488800  -  Run Bytes Received By Job
	5262  -  Total Bytes Sent By Job
	128488800  -  Total Bytes Received By Job
	Partitionable Resources :    Usage  Request Allocated 
	   Cpus                 :                 5         5 
	   Disk (KB)            :   125506   150000    373242 
	   Memory (MB)          :        0    10240     10300 

	Job terminated of its own accord at 2021-06-29T13:19:34Z.
...
000 (2435487.000.000) 06/29 15:20:16 Job submitted from host: <188.185.70.244:9618?addrs=188.185.70.244-9618+[2001-1458-d00-7--100-2ee]-9618&alias=bigbird10.cern.ch&noUDP&sock=schedd_2037_ca81>
...
000 (2435488.000.000) 06/29 15:23:46 Job submitted from host: <188.185.70.244:9618?addrs=188.185.70.244-9618+[2001-1458-d00-7--100-2ee]-9618&alias=bigbird10.cern.ch&noUDP&sock=schedd_2037_ca81>
...
040 (2435487.000.000) 06/29 15:24:39 Started transferring input files
	Transferring to host: <188.184.168.9:9618?addrs=188.184.168.9-9618+[2001-1458-301-c0--100-34]-9618&alias=b7g52n1050.cern.ch&noUDP&sock=slot1_8_9474_0a3a_125944>
...
040 (2435488.000.000) 06/29 15:24:40 Started transferring input files
	Transferring to host: <188.184.196.128:9618?addrs=188.184.196.128-9618+[2001-1458-301-102--100-80]-9618&alias=b7g24n0273.cern.ch&noUDP&sock=slot1_1_29894_c6f9_110956>
...
040 (2435487.000.000) 06/29 15:24:40 Finished transferring input files
...
001 (2435487.000.000) 06/29 15:24:41 Job executing on host: <188.184.168.9:9618?addrs=188.184.168.9-9618+[2001-1458-301-c0--100-34]-9618&alias=b7g52n1050.cern.ch&noUDP&sock=startd_15731_bc6c>
...
006 (2435487.000.000) 06/29 15:24:42 Image size of job updated: 1
	0  -  MemoryUsage of job (MB)
	0  -  ResidentSetSize of job (KB)
...
040 (2435487.000.000) 06/29 15:24:42 Started transferring output files
...
040 (2435487.000.000) 06/29 15:24:42 Finished transferring output files
...
040 (2435488.000.000) 06/29 15:24:42 Finished transferring input files
...
005 (2435487.000.000) 06/29 15:24:43 Job terminated.
	(1) Normal termination (return value 0)
		Usr 0 00:00:00, Sys 0 00:00:00  -  Run Remote Usage
		Usr 0 00:00:00, Sys 0 00:00:00  -  Run Local Usage
		Usr 0 00:00:00, Sys 0 00:00:00  -  Total Remote Usage
		Usr 0 00:00:00, Sys 0 00:00:00  -  Total Local Usage
	5262  -  Run Bytes Sent By Job
	128488800  -  Run Bytes Received By Job
	5262  -  Total Bytes Sent By Job
	128488800  -  Total Bytes Received By Job
	Partitionable Resources :    Usage  Request Allocated 
	   Cpus                 :                 5         5 
	   Disk (KB)            :   125506   150000    372533 
	   Memory (MB)          :        0    10240     10300 

	Job terminated of its own accord at 2021-06-29T13:24:42Z.
...
001 (2435488.000.000) 06/29 15:24:43 Job executing on host: <188.184.196.128:9618?addrs=188.184.196.128-9618+[2001-1458-301-102--100-80]-9618&alias=b7g24n0273.cern.ch&noUDP&sock=startd_10007_8c52>
...
006 (2435488.000.000) 06/29 15:24:45 Image size of job updated: 1
	0  -  MemoryUsage of job (MB)
	0  -  ResidentSetSize of job (KB)
...
040 (2435488.000.000) 06/29 15:24:45 Started transferring output files
...
040 (2435488.000.000) 06/29 15:24:45 Finished transferring output files
...
005 (2435488.000.000) 06/29 15:24:45 Job terminated.
	(1) Normal termination (return value 0)
		Usr 0 00:00:00, Sys 0 00:00:00  -  Run Remote Usage
		Usr 0 00:00:00, Sys 0 00:00:00  -  Run Local Usage
		Usr 0 00:00:00, Sys 0 00:00:00  -  Total Remote Usage
		Usr 0 00:00:00, Sys 0 00:00:00  -  Total Local Usage
	5262  -  Run Bytes Sent By Job
	128488800  -  Run Bytes Received By Job
	5262  -  Total Bytes Sent By Job
	128488800  -  Total Bytes Received By Job
	Partitionable Resources :    Usage  Request Allocated 
	   Cpus                 :                 1         1 
	   Disk (KB)            :   125506   150000    329087 
	   Memory (MB)          :        0     2000      2000 

	Job terminated of its own accord at 2021-06-29T13:24:45Z.
...
